app/build/outputs/logs/manifest-merger-debug-report.txt
-- Merging decision tree log ---
manifest
ADDED from src\main\AndroidManifest.xml:2:1-57:12
	package
		ADDED from src\main\AndroidManifest.xml:3:5-51
		INJECTED from src\main\AndroidManifest.xml
		INJECTED from src\main\AndroidManifest.xml
	android:versionName
		INJECTED from src\main\AndroidManifest.xml
		INJECTED from src\main\AndroidManifest.xml
	xmlns:android
		ADDED from src\main\AndroidManifest.xml:2:11-69
	android:versionCode
		INJECTED from src\main\AndroidManifest.xml
		INJECTED from src\main\AndroidManifest.xml
uses-permission#android.permission.WRITE_EXTERNAL_STORAGE
ADDED from src\main\AndroidManifest.xml:4:5-81
	android:name
		ADDED from src\main\AndroidManifest.xml:4:22-78
uses-permission#android.permission.READ_EXTERNAL_STORAGE
ADDED from src\main\AndroidManifest.xml:5:5-79
	android:name
		ADDED from src\main\AndroidManifest.xml:5:22-77
application
ADDED from src\main\AndroidManifest.xml:6:5-55:19
MERGED from [com.android.support:appcompat-v7:25.1.1] AndroidManifest.xml:25:5-20
MERGED from [com.android.support:animated-vector-drawable:25.1.1] AndroidManifest.xml:22:5-20
MERGED from [com.android.support:support-vector-drawable:25.1.1] AndroidManifest.xml:23:5-20
MERGED from [com.android.support.constraint:constraint-layout:1.0.0-beta5] AndroidManifest.xml:9:5-20
MERGED from [com.google.android.gms:play-services-appindexing:8.4.0] AndroidManifest.xml:19:5-20
MERGED from [com.google.android.gms:play-services-basement:8.4.0] AndroidManifest.xml:20:5-24:19
MERGED from [com.android.support:support-v4:25.1.1] AndroidManifest.xml:25:5-20
MERGED from [com.android.support:support-fragment:25.1.1] AndroidManifest.xml:25:5-20
MERGED from [com.android.support:support-media-compat:25.1.1] AndroidManifest.xml:25:5-20
MERGED from [com.android.support:support-core-ui:25.1.1] AndroidManifest.xml:25:5-20
MERGED from [com.android.support:support-core-utils:25.1.1] AndroidManifest.xml:25:5-20
MERGED from [com.android.support:support-compat:25.1.1] AndroidManifest.xml:25:5-20
	android:label
		ADDED from src\main\AndroidManifest.xml:9:9-41
	android:supportsRtl
		ADDED from src\main\AndroidManifest.xml:10:9-35
	android:allowBackup
		ADDED from src\main\AndroidManifest.xml:7:9-35
	android:icon
		ADDED from src\main\AndroidManifest.xml:8:9-43
	android:theme
		ADDED from src\main\AndroidManifest.xml:11:9-40
activity#com.example.loveyoplus.myapplication.MainActivity
ADDED from src\main\AndroidManifest.xml:14:9-19:20
	android:screenOrientation
		ADDED from src\main\AndroidManifest.xml:14:48-84
	android:name
		ADDED from src\main\AndroidManifest.xml:14:19-47
intent-filter#android.intent.action.MAIN+android.intent.category.LAUNCHER
ADDED from src\main\AndroidManifest.xml:15:13-18:29
action#android.intent.action.MAIN
ADDED from src\main\AndroidManifest.xml:16:17-69
	android:name
		ADDED from src\main\AndroidManifest.xml:16:25-66
category#android.intent.category.LAUNCHER
ADDED from src\main\AndroidManifest.xml:17:17-77
	android:name
		ADDED from src\main\AndroidManifest.xml:17:27-74
activity#com.example.loveyoplus.myapplication.Test1Activity
ADDED from src\main\AndroidManifest.xml:20:9-22:20
	android:screenOrientation
		ADDED from src\main\AndroidManifest.xml:20:49-85
	android:name
		ADDED from src\main\AndroidManifest.xml:20:19-48
activity#com.example.loveyoplus.myapplication.Test2Activity
ADDED from src\main\AndroidManifest.xml:23:9-25:20
	android:screenOrientation
		ADDED from src\main\AndroidManifest.xml:23:49-85
	android:name
		ADDED from src\main\AndroidManifest.xml:23:19-48
activity#com.example.loveyoplus.myapplication.Test3Activity
ADDED from src\main\AndroidManifest.xml:26:9-28:20
	android:screenOrientation
		ADDED from src\main\AndroidManifest.xml:26:50-86
	android:name
		ADDED from src\main\AndroidManifest.xml:26:19-48
activity#com.example.loveyoplus.myapplication.Test4Activity
ADDED from src\main\AndroidManifest.xml:29:9-30:20
	android:screenOrientation
		ADDED from src\main\AndroidManifest.xml:29:49-85
	android:name
		ADDED from src\main\AndroidManifest.xml:29:19-48
activity#com.example.loveyoplus.myapplication.Test5Activity
ADDED from src\main\AndroidManifest.xml:31:9-33:20
	android:screenOrientation
		ADDED from src\main\AndroidManifest.xml:31:49-85
	android:name
		ADDED from src\main\AndroidManifest.xml:31:19-48
activity#com.example.loveyoplus.myapplication.Test6Activity
ADDED from src\main\AndroidManifest.xml:34:9-35:20
	android:screenOrientation
		ADDED from src\main\AndroidManifest.xml:34:49-85
	android:name
		ADDED from src\main\AndroidManifest.xml:34:19-48
activity#com.example.loveyoplus.myapplication.Test7Activity
ADDED from src\main\AndroidManifest.xml:36:9-39:20
	android:screenOrientation
		ADDED from src\main\AndroidManifest.xml:36:49-85
	android:name
		ADDED from src\main\AndroidManifest.xml:36:19-48
activity#com.example.loveyoplus.myapplication.Test8Activity
ADDED from src\main\AndroidManifest.xml:40:9-42:20
	android:screenOrientation
		ADDED from src\main\AndroidManifest.xml:40:49-85
	android:name
		ADDED from src\main\AndroidManifest.xml:40:19-48
activity#com.example.loveyoplus.myapplication.Test9Activity
ADDED from src\main\AndroidManifest.xml:43:9-45:20
	android:screenOrientation
		ADDED from src\main\AndroidManifest.xml:43:49-85
	android:name
		ADDED from src\main\AndroidManifest.xml:43:19-48
activity#com.example.loveyoplus.myapplication.Test10Activity
ADDED from src\main\AndroidManifest.xml:46:9-48:20
	android:screenOrientation
		ADDED from src\main\AndroidManifest.xml:46:50-86
	android:name
		ADDED from src\main\AndroidManifest.xml:46:19-49
activity#com.example.loveyoplus.myapplication.FinishActivity
ADDED from src\main\AndroidManifest.xml:49:9-51:20
	android:screenOrientation
		ADDED from src\main\AndroidManifest.xml:49:50-86
	android:name
		ADDED from src\main\AndroidManifest.xml:49:19-49
meta-data#com.google.android.gms.version
ADDED from src\main\AndroidManifest.xml:52:9-54:69
MERGED from [com.google.android.gms:play-services-basement:8.4.0] AndroidManifest.xml:21:9-23:69
	android:value
		ADDED from src\main\AndroidManifest.xml:54:13-66
	android:name
		ADDED from src\main\AndroidManifest.xml:53:13-58
uses-sdk
INJECTED from src\main\AndroidManifest.xml reason: use-sdk injection requested
MERGED from [com.android.support:appcompat-v7:25.1.1] AndroidManifest.xml:21:5-23:78
MERGED from [com.android.support:animated-vector-drawable:25.1.1] AndroidManifest.xml:20:5-44
MERGED from [com.android.support:support-vector-drawable:25.1.1] AndroidManifest.xml:21:5-43
MERGED from [com.android.support.constraint:constraint-layout:1.0.0-beta5] AndroidManifest.xml:5:5-7:41
MERGED from [com.google.android.gms:play-services-appindexing:8.4.0] AndroidManifest.xml:18:5-42
MERGED from [com.google.android.gms:play-services-base:8.4.0] AndroidManifest.xml:18:5-42
MERGED from [com.google.android.gms:play-services-basement:8.4.0] AndroidManifest.xml:18:5-42
MERGED from [com.android.support:support-v4:25.1.1] AndroidManifest.xml:21:5-23:54
MERGED from [com.android.support:support-fragment:25.1.1] AndroidManifest.xml:21:5-23:60
MERGED from [com.android.support:support-media-compat:25.1.1] AndroidManifest.xml:21:5-23:63
MERGED from [com.android.support:support-core-ui:25.1.1] AndroidManifest.xml:21:5-23:58
MERGED from [com.android.support:support-core-utils:25.1.1] AndroidManifest.xml:21:5-23:61
MERGED from [com.android.support:support-compat:25.1.1] AndroidManifest.xml:21:5-23:58
	tools:overrideLibrary
		ADDED from [com.android.support:appcompat-v7:25.1.1] AndroidManifest.xml:23:9-75
	android:targetSdkVersion
		INJECTED from src\main\AndroidManifest.xml
		INJECTED from src\main\AndroidManifest.xml
	android:minSdkVersion
		INJECTED from src\main\AndroidManifest.xml
		INJECTED from src\main\AndroidManifest.xml